<?xml version="1.0" encoding="UTF-8"?>
<!-- Generated by org.testng.reporters.JUnitXMLReporter -->
<testsuite hostname="XKL-0329" ignored="1" name="Hub Spot Functional Regression Test" tests="3" failures="0" timestamp="2020-03-09T13:30:05 SGT" time="22.203" errors="0">
  <testcase name="verifyLoginPageTitleTest" time="7.228" classname="com.qa.hubspot.tests.LoginPageTest"/>
  <testcase name="verifySignUpLinkTest" time="0.808" classname="com.qa.hubspot.tests.LoginPageTest"/>
  <testcase name="loginTest" time="4.957" classname="com.qa.hubspot.tests.LoginPageTest"/>
  <testcase name="login_InvalidTestCases" time="0.0" classname="com.qa.hubspot.tests.LoginPageTest">
    <ignored/>
  </testcase> <!-- login_InvalidTestCases -->
</testsuite> <!-- Hub Spot Functional Regression Test -->
