<?xml version="1.0" encoding="UTF-8"?>
<!-- Generated by org.testng.reporters.JUnitXMLReporter -->
<testsuite hostname="LAPTOP-B42SM0L4" ignored="1" name="Hub Spot Functional Regression Test - FF" tests="5" failures="0" timestamp="2020-03-01T11:42:02 SGT" time="17.359" errors="0">
  <testcase name="verifyLoginPageTitleTest" time="4.058" classname="com.qa.hubspot.tests.LoginPageTest"/>
  <testcase name="verifySignUpLinkTest" time="1.153" classname="com.qa.hubspot.tests.LoginPageTest"/>
  <testcase name="verifyLoginPageTitleTest" time="4.948" classname="com.qa.hubspot.tests.LoginPageTest"/>
  <testcase name="loginTest" time="5.156" classname="com.qa.hubspot.tests.LoginPageTest"/>
  <testcase name="verifySignUpLinkTest" time="0.686" classname="com.qa.hubspot.tests.LoginPageTest"/>
  <testcase name="login_InvalidTestCases" time="0.0" classname="com.qa.hubspot.tests.LoginPageTest">
    <ignored/>
  </testcase> <!-- login_InvalidTestCases -->
</testsuite> <!-- Hub Spot Functional Regression Test - FF -->
