<?xml version="1.0" encoding="UTF-8"?>
<!-- Generated by org.testng.reporters.JUnitXMLReporter -->
<testsuite hostname="LAPTOP-B42SM0L4" ignored="1" name="Hub Spot Functional Regression Test - firefox" tests="0" failures="0" timestamp="2020-03-01T11:51:59 SGT" time="16.415" errors="0">
  <testcase name="login_InvalidTestCases" time="0.0" classname="com.qa.hubspot.tests.LoginPageTest">
    <ignored/>
  </testcase> <!-- login_InvalidTestCases -->
</testsuite> <!-- Hub Spot Functional Regression Test - firefox -->
