<?xml version="1.0" encoding="UTF-8"?>
<!-- Generated by org.testng.reporters.JUnitXMLReporter -->
<testsuite hostname="LAPTOP-B42SM0L4" ignored="0" name="Lazada End To End Flow Test" tests="5" failures="0" timestamp="2020-03-30T13:59:53 SGT" time="56.165" errors="0">
  <testcase name="verifyLoginPageTitleTest" time="0.303" classname="com.qa.lazada.tests.EndToEndPurchaseTest"/>
  <testcase name="verifyProfilePageTitleTest" time="25.227" classname="com.qa.lazada.tests.EndToEndPurchaseTest"/>
  <testcase name="verifyhomePageTitle" time="1.732" classname="com.qa.lazada.tests.EndToEndPurchaseTest"/>
  <testcase name="verifyProductPageTitle" time="8.598" classname="com.qa.lazada.tests.EndToEndPurchaseTest"/>
  <testcase name="verifyCheckoutPageTitle" time="3.231" classname="com.qa.lazada.tests.EndToEndPurchaseTest"/>
</testsuite> <!-- Lazada End To End Flow Test -->
