<?xml version="1.0" encoding="UTF-8"?>
<!-- Generated by org.testng.reporters.JUnitXMLReporter -->
<testsuite hostname="XKL-0329" ignored="0" name="Lazada End To End Flow Test" tests="5" failures="0" timestamp="2020-03-10T18:39:51 SGT" time="92.756" errors="0">
  <testcase name="verifyLoginPageTitleTest" time="0.755" classname="com.qa.lazada.tests.EndToEndPurchaseTest"/>
  <testcase name="verifyProfilePageTitleTest" time="24.78" classname="com.qa.lazada.tests.EndToEndPurchaseTest"/>
  <testcase name="verifyhomePageTitle" time="5.067" classname="com.qa.lazada.tests.EndToEndPurchaseTest"/>
  <testcase name="verifyProductPageTitle" time="20.713" classname="com.qa.lazada.tests.EndToEndPurchaseTest"/>
  <testcase name="verifyCheckoutPageTitle" time="13.025" classname="com.qa.lazada.tests.EndToEndPurchaseTest"/>
</testsuite> <!-- Lazada End To End Flow Test -->
