<?xml version="1.0" encoding="UTF-8"?>
<testng-results skipped="0" failed="0" ignored="0" total="5" passed="5">
  <reporter-output>
  </reporter-output>
  <suite name="Hub Spot Regression Suite" duration-ms="92756" started-at="2020-03-10T18:38:18 SGT" finished-at="2020-03-10T18:39:51 SGT">
    <groups>
    </groups>
    <test name="Lazada End To End Flow Test" duration-ms="92756" started-at="2020-03-10T18:38:18 SGT" finished-at="2020-03-10T18:39:51 SGT">
      <class name="com.qa.lazada.tests.EndToEndPurchaseTest">
        <test-method status="PASS" signature="setUp(java.lang.String)[pri:0, instance:com.qa.lazada.tests.EndToEndPurchaseTest@74a195a4]" name="setUp" is-config="true" duration-ms="22580" started-at="2020-03-10T18:38:18 SGT" finished-at="2020-03-10T18:38:40 SGT">
          <params>
            <param index="0">
              <value>
                <![CDATA[chrome]]>
              </value>
            </param>
          </params>
          <reporter-output>
          </reporter-output>
        </test-method> <!-- setUp -->
        <test-method status="PASS" signature="verifyLoginPageTitleTest()[pri:1, instance:com.qa.lazada.tests.EndToEndPurchaseTest@74a195a4]" name="verifyLoginPageTitleTest" duration-ms="755" started-at="2020-03-10T18:38:40 SGT" description="Verify Login Page Title Test....!!!" finished-at="2020-03-10T18:38:41 SGT">
          <reporter-output>
          </reporter-output>
        </test-method> <!-- verifyLoginPageTitleTest -->
        <test-method status="PASS" signature="verifyProfilePageTitleTest()[pri:2, instance:com.qa.lazada.tests.EndToEndPurchaseTest@74a195a4]" name="verifyProfilePageTitleTest" duration-ms="24780" started-at="2020-03-10T18:38:43 SGT" finished-at="2020-03-10T18:39:08 SGT">
          <reporter-output>
          </reporter-output>
        </test-method> <!-- verifyProfilePageTitleTest -->
        <test-method status="PASS" signature="verifyhomePageTitle()[pri:3, instance:com.qa.lazada.tests.EndToEndPurchaseTest@74a195a4]" name="verifyhomePageTitle" duration-ms="5067" started-at="2020-03-10T18:39:09 SGT" finished-at="2020-03-10T18:39:14 SGT">
          <reporter-output>
          </reporter-output>
        </test-method> <!-- verifyhomePageTitle -->
        <test-method status="PASS" signature="verifyProductPageTitle()[pri:4, instance:com.qa.lazada.tests.EndToEndPurchaseTest@74a195a4]" name="verifyProductPageTitle" duration-ms="20713" started-at="2020-03-10T18:39:15 SGT" finished-at="2020-03-10T18:39:36 SGT">
          <reporter-output>
          </reporter-output>
        </test-method> <!-- verifyProductPageTitle -->
        <test-method status="PASS" signature="verifyCheckoutPageTitle()[pri:5, instance:com.qa.lazada.tests.EndToEndPurchaseTest@74a195a4]" name="verifyCheckoutPageTitle" duration-ms="13025" started-at="2020-03-10T18:39:36 SGT" finished-at="2020-03-10T18:39:49 SGT">
          <reporter-output>
          </reporter-output>
        </test-method> <!-- verifyCheckoutPageTitle -->
        <test-method status="PASS" signature="tearDown()[pri:0, instance:com.qa.lazada.tests.EndToEndPurchaseTest@74a195a4]" name="tearDown" is-config="true" duration-ms="953" started-at="2020-03-10T18:39:50 SGT" finished-at="2020-03-10T18:39:51 SGT">
          <reporter-output>
          </reporter-output>
        </test-method> <!-- tearDown -->
      </class> <!-- com.qa.lazada.tests.EndToEndPurchaseTest -->
    </test> <!-- Lazada End To End Flow Test -->
  </suite> <!-- Hub Spot Regression Suite -->
</testng-results>
